终端机在文法中未使用

    OMIT
    ENTER


语法

    0 $accept: Program $end

    1 Program: ExtDefList

    2 ExtDefList: ExtDef ExtDefList
    3           | %empty

    4 ExtDef: Specifier ExtDecList SEMI
    5       | Specifier SEMI
    6       | Specifier FunDec CompSt
    7       | Specifier error SEMI

    8 ExtDecList: VarDec
    9           | VarDec COMMA ExtDecList

   10 Specifier: TYPE
   11          | StructSpecifier

   12 StructSpecifier: STRUCT OptTag LC DefList RC
   13                | STRUCT Tag
   14                | STRUCT error

   15 OptTag: ID
   16       | %empty

   17 Tag: ID

   18 VarDec: ID
   19       | VarDec LB INT RB

   20 FunDec: ID LP VarList RP
   21       | ID LP RP
   22       | ID error

   23 VarList: ParamDec COMMA VarList
   24        | ParamDec

   25 ParamDec: Specifier VarDec
   26         | Specifier error

   27 CompSt: LC DefList StmtList RC
   28       | error RC

   29 StmtList: Stmt StmtList
   30         | %empty

   31 Stmt: Exp SEMI
   32     | CompSt
   33     | RETURN Exp SEMI
   34     | IF LP Exp RP Stmt
   35     | IF LP Exp RP Stmt ELSE Stmt
   36     | WHILE LP Exp RP Stmt
   37     | error SEMI

   38 DefList: Def DefList
   39        | %empty

   40 Def: Specifier DecList SEMI
   41    | Specifier error SEMI

   42 DecList: Dec
   43        | Dec COMMA DecList

   44 Dec: VarDec
   45    | VarDec ASSIGNOP Exp

   46 Exp: Exp ASSIGNOP Exp
   47    | Exp AND Exp
   48    | Exp OR Exp
   49    | Exp RELOP Exp
   50    | Exp PLUS Exp
   51    | Exp MINUS Exp
   52    | Exp STAR Exp
   53    | Exp DIV Exp
   54    | LP Exp RP
   55    | MINUS Exp
   56    | NOT Exp
   57    | ID LP Args RP
   58    | ID LP RP
   59    | Exp LB Exp RB
   60    | Exp DOT ID
   61    | ID
   62    | INT
   63    | FLOAT

   64 Args: Exp COMMA Args
   65     | Exp


终结语词，附有它们出现处的规则

    $end (0) 0
    error (256) 7 14 22 26 28 37 41
    INT (258) 19 62
    FLOAT (259) 63
    ID (260) 15 17 18 20 21 22 57 58 60 61
    SEMI (261) 4 5 7 31 33 37 40 41
    COMMA (262) 9 23 43 64
    ASSIGNOP (263) 45 46
    RELOP (264) 49
    PLUS (265) 50
    MINUS (266) 51 55
    STAR (267) 52
    DIV (268) 53
    AND (269) 47
    OR (270) 48
    DOT (271) 60
    NOT (272) 56
    TYPE (273) 10
    LP (274) 20 21 34 35 36 54 57 58
    RP (275) 20 21 34 35 36 54 57 58
    LB (276) 19 59
    RB (277) 19 59
    LC (278) 12 27
    RC (279) 12 27 28
    STRUCT (280) 12 13 14
    RETURN (281) 33
    IF (282) 34 35
    ELSE (283) 35
    WHILE (284) 36
    OMIT (285)
    ENTER (286)
    LOWER_THAN_ELSE (287)


非终结语词，附有它们出现处的规则

    $accept (33)
        on left: 0
    Program (34)
        on left: 1
        on right: 0
    ExtDefList (35)
        on left: 2 3
        on right: 1 2
    ExtDef (36)
        on left: 4 5 6 7
        on right: 2
    ExtDecList (37)
        on left: 8 9
        on right: 4 9
    Specifier (38)
        on left: 10 11
        on right: 4 5 6 7 25 26 40 41
    StructSpecifier (39)
        on left: 12 13 14
        on right: 11
    OptTag (40)
        on left: 15 16
        on right: 12
    Tag (41)
        on left: 17
        on right: 13
    VarDec (42)
        on left: 18 19
        on right: 8 9 19 25 44 45
    FunDec (43)
        on left: 20 21 22
        on right: 6
    VarList (44)
        on left: 23 24
        on right: 20 23
    ParamDec (45)
        on left: 25 26
        on right: 23 24
    CompSt (46)
        on left: 27 28
        on right: 6 32
    StmtList (47)
        on left: 29 30
        on right: 27 29
    Stmt (48)
        on left: 31 32 33 34 35 36 37
        on right: 29 34 35 36
    DefList (49)
        on left: 38 39
        on right: 12 27 38
    Def (50)
        on left: 40 41
        on right: 38
    DecList (51)
        on left: 42 43
        on right: 40 43
    Dec (52)
        on left: 44 45
        on right: 42 43
    Exp (53)
        on left: 46 47 48 49 50 51 52 53 54 55 56 57 58 59 60 61 62 63
        on right: 31 33 34 35 36 45 46 47 48 49 50 51 52 53 54 55 56 59 60 64 65
    Args (54)
        on left: 64 65
        on right: 57 64


状态 0

    0 $accept: . Program $end

    TYPE    偏移，并进入状态 1
    STRUCT  偏移，并进入状态 2

    $default  使用规则 3 以归约 (ExtDefList)

    Program          转到状态 3
    ExtDefList       转到状态 4
    ExtDef           转到状态 5
    Specifier        转到状态 6
    StructSpecifier  转到状态 7


状态 1

   10 Specifier: TYPE .

    $default  使用规则 10 以归约 (Specifier)


状态 2

   12 StructSpecifier: STRUCT . OptTag LC DefList RC
   13                | STRUCT . Tag
   14                | STRUCT . error

    error  偏移，并进入状态 8
    ID     偏移，并进入状态 9

    LC  使用规则 16 以归约 (OptTag)

    OptTag  转到状态 10
    Tag     转到状态 11


状态 3

    0 $accept: Program . $end

    $end  偏移，并进入状态 12


状态 4

    1 Program: ExtDefList .

    $default  使用规则 1 以归约 (Program)


状态 5

    2 ExtDefList: ExtDef . ExtDefList

    TYPE    偏移，并进入状态 1
    STRUCT  偏移，并进入状态 2

    $default  使用规则 3 以归约 (ExtDefList)

    ExtDefList       转到状态 13
    ExtDef           转到状态 5
    Specifier        转到状态 6
    StructSpecifier  转到状态 7


状态 6

    4 ExtDef: Specifier . ExtDecList SEMI
    5       | Specifier . SEMI
    6       | Specifier . FunDec CompSt
    7       | Specifier . error SEMI

    error  偏移，并进入状态 14
    ID     偏移，并进入状态 15
    SEMI   偏移，并进入状态 16

    ExtDecList  转到状态 17
    VarDec      转到状态 18
    FunDec      转到状态 19


状态 7

   11 Specifier: StructSpecifier .

    $default  使用规则 11 以归约 (Specifier)


状态 8

   14 StructSpecifier: STRUCT error .

    $default  使用规则 14 以归约 (StructSpecifier)


状态 9

   15 OptTag: ID .
   17 Tag: ID .

    LC        使用规则 15 以归约 (OptTag)
    $default  使用规则 17 以归约 (Tag)


状态 10

   12 StructSpecifier: STRUCT OptTag . LC DefList RC

    LC  偏移，并进入状态 20


状态 11

   13 StructSpecifier: STRUCT Tag .

    $default  使用规则 13 以归约 (StructSpecifier)


状态 12

    0 $accept: Program $end .

    $default  接受


状态 13

    2 ExtDefList: ExtDef ExtDefList .

    $default  使用规则 2 以归约 (ExtDefList)


状态 14

    7 ExtDef: Specifier error . SEMI

    SEMI  偏移，并进入状态 21


状态 15

   18 VarDec: ID .
   20 FunDec: ID . LP VarList RP
   21       | ID . LP RP
   22       | ID . error

    error  偏移，并进入状态 22
    LP     偏移，并进入状态 23

    SEMI   使用规则 18 以归约 (VarDec)
    COMMA  使用规则 18 以归约 (VarDec)
    LB     使用规则 18 以归约 (VarDec)


状态 16

    5 ExtDef: Specifier SEMI .

    $default  使用规则 5 以归约 (ExtDef)


状态 17

    4 ExtDef: Specifier ExtDecList . SEMI

    SEMI  偏移，并进入状态 24


状态 18

    8 ExtDecList: VarDec .
    9           | VarDec . COMMA ExtDecList
   19 VarDec: VarDec . LB INT RB

    COMMA  偏移，并进入状态 25
    LB     偏移，并进入状态 26

    $default  使用规则 8 以归约 (ExtDecList)


状态 19

    6 ExtDef: Specifier FunDec . CompSt

    error  偏移，并进入状态 27
    LC     偏移，并进入状态 28

    CompSt  转到状态 29


状态 20

   12 StructSpecifier: STRUCT OptTag LC . DefList RC

    TYPE    偏移，并进入状态 1
    STRUCT  偏移，并进入状态 2

    $default  使用规则 39 以归约 (DefList)

    Specifier        转到状态 30
    StructSpecifier  转到状态 7
    DefList          转到状态 31
    Def              转到状态 32


状态 21

    7 ExtDef: Specifier error SEMI .

    $default  使用规则 7 以归约 (ExtDef)


状态 22

   22 FunDec: ID error .

    $default  使用规则 22 以归约 (FunDec)


状态 23

   20 FunDec: ID LP . VarList RP
   21       | ID LP . RP

    TYPE    偏移，并进入状态 1
    RP      偏移，并进入状态 33
    STRUCT  偏移，并进入状态 2

    Specifier        转到状态 34
    StructSpecifier  转到状态 7
    VarList          转到状态 35
    ParamDec         转到状态 36


状态 24

    4 ExtDef: Specifier ExtDecList SEMI .

    $default  使用规则 4 以归约 (ExtDef)


状态 25

    9 ExtDecList: VarDec COMMA . ExtDecList

    ID  偏移，并进入状态 37

    ExtDecList  转到状态 38
    VarDec      转到状态 18


状态 26

   19 VarDec: VarDec LB . INT RB

    INT  偏移，并进入状态 39


状态 27

   28 CompSt: error . RC

    RC  偏移，并进入状态 40


状态 28

   27 CompSt: LC . DefList StmtList RC

    TYPE    偏移，并进入状态 1
    STRUCT  偏移，并进入状态 2

    $default  使用规则 39 以归约 (DefList)

    Specifier        转到状态 30
    StructSpecifier  转到状态 7
    DefList          转到状态 41
    Def              转到状态 32


状态 29

    6 ExtDef: Specifier FunDec CompSt .

    $default  使用规则 6 以归约 (ExtDef)


状态 30

   40 Def: Specifier . DecList SEMI
   41    | Specifier . error SEMI

    error  偏移，并进入状态 42
    ID     偏移，并进入状态 37

    VarDec   转到状态 43
    DecList  转到状态 44
    Dec      转到状态 45


状态 31

   12 StructSpecifier: STRUCT OptTag LC DefList . RC

    RC  偏移，并进入状态 46


状态 32

   38 DefList: Def . DefList

    TYPE    偏移，并进入状态 1
    STRUCT  偏移，并进入状态 2

    $default  使用规则 39 以归约 (DefList)

    Specifier        转到状态 30
    StructSpecifier  转到状态 7
    DefList          转到状态 47
    Def              转到状态 32


状态 33

   21 FunDec: ID LP RP .

    $default  使用规则 21 以归约 (FunDec)


状态 34

   25 ParamDec: Specifier . VarDec
   26         | Specifier . error

    error  偏移，并进入状态 48
    ID     偏移，并进入状态 37

    VarDec  转到状态 49


状态 35

   20 FunDec: ID LP VarList . RP

    RP  偏移，并进入状态 50


状态 36

   23 VarList: ParamDec . COMMA VarList
   24        | ParamDec .

    COMMA  偏移，并进入状态 51

    $default  使用规则 24 以归约 (VarList)


状态 37

   18 VarDec: ID .

    $default  使用规则 18 以归约 (VarDec)


状态 38

    9 ExtDecList: VarDec COMMA ExtDecList .

    $default  使用规则 9 以归约 (ExtDecList)


状态 39

   19 VarDec: VarDec LB INT . RB

    RB  偏移，并进入状态 52


状态 40

   28 CompSt: error RC .

    $default  使用规则 28 以归约 (CompSt)


状态 41

   27 CompSt: LC DefList . StmtList RC

    error   偏移，并进入状态 53
    INT     偏移，并进入状态 54
    FLOAT   偏移，并进入状态 55
    ID      偏移，并进入状态 56
    MINUS   偏移，并进入状态 57
    NOT     偏移，并进入状态 58
    LP      偏移，并进入状态 59
    LC      偏移，并进入状态 28
    RETURN  偏移，并进入状态 60
    IF      偏移，并进入状态 61
    WHILE   偏移，并进入状态 62

    RC  使用规则 30 以归约 (StmtList)

    CompSt    转到状态 63
    StmtList  转到状态 64
    Stmt      转到状态 65
    Exp       转到状态 66


状态 42

   41 Def: Specifier error . SEMI

    SEMI  偏移，并进入状态 67


状态 43

   19 VarDec: VarDec . LB INT RB
   44 Dec: VarDec .
   45    | VarDec . ASSIGNOP Exp

    ASSIGNOP  偏移，并进入状态 68
    LB        偏移，并进入状态 26

    $default  使用规则 44 以归约 (Dec)


状态 44

   40 Def: Specifier DecList . SEMI

    SEMI  偏移，并进入状态 69


状态 45

   42 DecList: Dec .
   43        | Dec . COMMA DecList

    COMMA  偏移，并进入状态 70

    $default  使用规则 42 以归约 (DecList)


状态 46

   12 StructSpecifier: STRUCT OptTag LC DefList RC .

    $default  使用规则 12 以归约 (StructSpecifier)


状态 47

   38 DefList: Def DefList .

    $default  使用规则 38 以归约 (DefList)


状态 48

   26 ParamDec: Specifier error .

    $default  使用规则 26 以归约 (ParamDec)


状态 49

   19 VarDec: VarDec . LB INT RB
   25 ParamDec: Specifier VarDec .

    LB  偏移，并进入状态 26

    $default  使用规则 25 以归约 (ParamDec)


状态 50

   20 FunDec: ID LP VarList RP .

    $default  使用规则 20 以归约 (FunDec)


状态 51

   23 VarList: ParamDec COMMA . VarList

    TYPE    偏移，并进入状态 1
    STRUCT  偏移，并进入状态 2

    Specifier        转到状态 34
    StructSpecifier  转到状态 7
    VarList          转到状态 71
    ParamDec         转到状态 36


状态 52

   19 VarDec: VarDec LB INT RB .

    $default  使用规则 19 以归约 (VarDec)


状态 53

   28 CompSt: error . RC
   37 Stmt: error . SEMI

    SEMI  偏移，并进入状态 72
    RC    偏移，并进入状态 40


状态 54

   62 Exp: INT .

    $default  使用规则 62 以归约 (Exp)


状态 55

   63 Exp: FLOAT .

    $default  使用规则 63 以归约 (Exp)


状态 56

   57 Exp: ID . LP Args RP
   58    | ID . LP RP
   61    | ID .

    LP  偏移，并进入状态 73

    $default  使用规则 61 以归约 (Exp)


状态 57

   55 Exp: MINUS . Exp

    INT    偏移，并进入状态 54
    FLOAT  偏移，并进入状态 55
    ID     偏移，并进入状态 56
    MINUS  偏移，并进入状态 57
    NOT    偏移，并进入状态 58
    LP     偏移，并进入状态 59

    Exp  转到状态 74


状态 58

   56 Exp: NOT . Exp

    INT    偏移，并进入状态 54
    FLOAT  偏移，并进入状态 55
    ID     偏移，并进入状态 56
    MINUS  偏移，并进入状态 57
    NOT    偏移，并进入状态 58
    LP     偏移，并进入状态 59

    Exp  转到状态 75


状态 59

   54 Exp: LP . Exp RP

    INT    偏移，并进入状态 54
    FLOAT  偏移，并进入状态 55
    ID     偏移，并进入状态 56
    MINUS  偏移，并进入状态 57
    NOT    偏移，并进入状态 58
    LP     偏移，并进入状态 59

    Exp  转到状态 76


状态 60

   33 Stmt: RETURN . Exp SEMI

    INT    偏移，并进入状态 54
    FLOAT  偏移，并进入状态 55
    ID     偏移，并进入状态 56
    MINUS  偏移，并进入状态 57
    NOT    偏移，并进入状态 58
    LP     偏移，并进入状态 59

    Exp  转到状态 77


状态 61

   34 Stmt: IF . LP Exp RP Stmt
   35     | IF . LP Exp RP Stmt ELSE Stmt

    LP  偏移，并进入状态 78


状态 62

   36 Stmt: WHILE . LP Exp RP Stmt

    LP  偏移，并进入状态 79


状态 63

   32 Stmt: CompSt .

    $default  使用规则 32 以归约 (Stmt)


状态 64

   27 CompSt: LC DefList StmtList . RC

    RC  偏移，并进入状态 80


状态 65

   29 StmtList: Stmt . StmtList

    error   偏移，并进入状态 53
    INT     偏移，并进入状态 54
    FLOAT   偏移，并进入状态 55
    ID      偏移，并进入状态 56
    MINUS   偏移，并进入状态 57
    NOT     偏移，并进入状态 58
    LP      偏移，并进入状态 59
    LC      偏移，并进入状态 28
    RETURN  偏移，并进入状态 60
    IF      偏移，并进入状态 61
    WHILE   偏移，并进入状态 62

    RC  使用规则 30 以归约 (StmtList)

    CompSt    转到状态 63
    StmtList  转到状态 81
    Stmt      转到状态 65
    Exp       转到状态 66


状态 66

   31 Stmt: Exp . SEMI
   46 Exp: Exp . ASSIGNOP Exp
   47    | Exp . AND Exp
   48    | Exp . OR Exp
   49    | Exp . RELOP Exp
   50    | Exp . PLUS Exp
   51    | Exp . MINUS Exp
   52    | Exp . STAR Exp
   53    | Exp . DIV Exp
   59    | Exp . LB Exp RB
   60    | Exp . DOT ID

    SEMI      偏移，并进入状态 82
    ASSIGNOP  偏移，并进入状态 83
    RELOP     偏移，并进入状态 84
    PLUS      偏移，并进入状态 85
    MINUS     偏移，并进入状态 86
    STAR      偏移，并进入状态 87
    DIV       偏移，并进入状态 88
    AND       偏移，并进入状态 89
    OR        偏移，并进入状态 90
    DOT       偏移，并进入状态 91
    LB        偏移，并进入状态 92


状态 67

   41 Def: Specifier error SEMI .

    $default  使用规则 41 以归约 (Def)


状态 68

   45 Dec: VarDec ASSIGNOP . Exp

    INT    偏移，并进入状态 54
    FLOAT  偏移，并进入状态 55
    ID     偏移，并进入状态 56
    MINUS  偏移，并进入状态 57
    NOT    偏移，并进入状态 58
    LP     偏移，并进入状态 59

    Exp  转到状态 93


状态 69

   40 Def: Specifier DecList SEMI .

    $default  使用规则 40 以归约 (Def)


状态 70

   43 DecList: Dec COMMA . DecList

    ID  偏移，并进入状态 37

    VarDec   转到状态 43
    DecList  转到状态 94
    Dec      转到状态 45


状态 71

   23 VarList: ParamDec COMMA VarList .

    $default  使用规则 23 以归约 (VarList)


状态 72

   37 Stmt: error SEMI .

    $default  使用规则 37 以归约 (Stmt)


状态 73

   57 Exp: ID LP . Args RP
   58    | ID LP . RP

    INT    偏移，并进入状态 54
    FLOAT  偏移，并进入状态 55
    ID     偏移，并进入状态 56
    MINUS  偏移，并进入状态 57
    NOT    偏移，并进入状态 58
    LP     偏移，并进入状态 59
    RP     偏移，并进入状态 95

    Exp   转到状态 96
    Args  转到状态 97


状态 74

   46 Exp: Exp . ASSIGNOP Exp
   47    | Exp . AND Exp
   48    | Exp . OR Exp
   49    | Exp . RELOP Exp
   50    | Exp . PLUS Exp
   51    | Exp . MINUS Exp
   52    | Exp . STAR Exp
   53    | Exp . DIV Exp
   55    | MINUS Exp .
   59    | Exp . LB Exp RB
   60    | Exp . DOT ID

    PLUS  偏移，并进入状态 85
    STAR  偏移，并进入状态 87
    DIV   偏移，并进入状态 88
    DOT   偏移，并进入状态 91
    LB    偏移，并进入状态 92

    $default  使用规则 55 以归约 (Exp)


状态 75

   46 Exp: Exp . ASSIGNOP Exp
   47    | Exp . AND Exp
   48    | Exp . OR Exp
   49    | Exp . RELOP Exp
   50    | Exp . PLUS Exp
   51    | Exp . MINUS Exp
   52    | Exp . STAR Exp
   53    | Exp . DIV Exp
   56    | NOT Exp .
   59    | Exp . LB Exp RB
   60    | Exp . DOT ID

    DOT  偏移，并进入状态 91
    LB   偏移，并进入状态 92

    $default  使用规则 56 以归约 (Exp)


状态 76

   46 Exp: Exp . ASSIGNOP Exp
   47    | Exp . AND Exp
   48    | Exp . OR Exp
   49    | Exp . RELOP Exp
   50    | Exp . PLUS Exp
   51    | Exp . MINUS Exp
   52    | Exp . STAR Exp
   53    | Exp . DIV Exp
   54    | LP Exp . RP
   59    | Exp . LB Exp RB
   60    | Exp . DOT ID

    ASSIGNOP  偏移，并进入状态 83
    RELOP     偏移，并进入状态 84
    PLUS      偏移，并进入状态 85
    MINUS     偏移，并进入状态 86
    STAR      偏移，并进入状态 87
    DIV       偏移，并进入状态 88
    AND       偏移，并进入状态 89
    OR        偏移，并进入状态 90
    DOT       偏移，并进入状态 91
    RP        偏移，并进入状态 98
    LB        偏移，并进入状态 92


状态 77

   33 Stmt: RETURN Exp . SEMI
   46 Exp: Exp . ASSIGNOP Exp
   47    | Exp . AND Exp
   48    | Exp . OR Exp
   49    | Exp . RELOP Exp
   50    | Exp . PLUS Exp
   51    | Exp . MINUS Exp
   52    | Exp . STAR Exp
   53    | Exp . DIV Exp
   59    | Exp . LB Exp RB
   60    | Exp . DOT ID

    SEMI      偏移，并进入状态 99
    ASSIGNOP  偏移，并进入状态 83
    RELOP     偏移，并进入状态 84
    PLUS      偏移，并进入状态 85
    MINUS     偏移，并进入状态 86
    STAR      偏移，并进入状态 87
    DIV       偏移，并进入状态 88
    AND       偏移，并进入状态 89
    OR        偏移，并进入状态 90
    DOT       偏移，并进入状态 91
    LB        偏移，并进入状态 92


状态 78

   34 Stmt: IF LP . Exp RP Stmt
   35     | IF LP . Exp RP Stmt ELSE Stmt

    INT    偏移，并进入状态 54
    FLOAT  偏移，并进入状态 55
    ID     偏移，并进入状态 56
    MINUS  偏移，并进入状态 57
    NOT    偏移，并进入状态 58
    LP     偏移，并进入状态 59

    Exp  转到状态 100


状态 79

   36 Stmt: WHILE LP . Exp RP Stmt

    INT    偏移，并进入状态 54
    FLOAT  偏移，并进入状态 55
    ID     偏移，并进入状态 56
    MINUS  偏移，并进入状态 57
    NOT    偏移，并进入状态 58
    LP     偏移，并进入状态 59

    Exp  转到状态 101


状态 80

   27 CompSt: LC DefList StmtList RC .

    $default  使用规则 27 以归约 (CompSt)


状态 81

   29 StmtList: Stmt StmtList .

    $default  使用规则 29 以归约 (StmtList)


状态 82

   31 Stmt: Exp SEMI .

    $default  使用规则 31 以归约 (Stmt)


状态 83

   46 Exp: Exp ASSIGNOP . Exp

    INT    偏移，并进入状态 54
    FLOAT  偏移，并进入状态 55
    ID     偏移，并进入状态 56
    MINUS  偏移，并进入状态 57
    NOT    偏移，并进入状态 58
    LP     偏移，并进入状态 59

    Exp  转到状态 102


状态 84

   49 Exp: Exp RELOP . Exp

    INT    偏移，并进入状态 54
    FLOAT  偏移，并进入状态 55
    ID     偏移，并进入状态 56
    MINUS  偏移，并进入状态 57
    NOT    偏移，并进入状态 58
    LP     偏移，并进入状态 59

    Exp  转到状态 103


状态 85

   50 Exp: Exp PLUS . Exp

    INT    偏移，并进入状态 54
    FLOAT  偏移，并进入状态 55
    ID     偏移，并进入状态 56
    MINUS  偏移，并进入状态 57
    NOT    偏移，并进入状态 58
    LP     偏移，并进入状态 59

    Exp  转到状态 104


状态 86

   51 Exp: Exp MINUS . Exp

    INT    偏移，并进入状态 54
    FLOAT  偏移，并进入状态 55
    ID     偏移，并进入状态 56
    MINUS  偏移，并进入状态 57
    NOT    偏移，并进入状态 58
    LP     偏移，并进入状态 59

    Exp  转到状态 105


状态 87

   52 Exp: Exp STAR . Exp

    INT    偏移，并进入状态 54
    FLOAT  偏移，并进入状态 55
    ID     偏移，并进入状态 56
    MINUS  偏移，并进入状态 57
    NOT    偏移，并进入状态 58
    LP     偏移，并进入状态 59

    Exp  转到状态 106


状态 88

   53 Exp: Exp DIV . Exp

    INT    偏移，并进入状态 54
    FLOAT  偏移，并进入状态 55
    ID     偏移，并进入状态 56
    MINUS  偏移，并进入状态 57
    NOT    偏移，并进入状态 58
    LP     偏移，并进入状态 59

    Exp  转到状态 107


状态 89

   47 Exp: Exp AND . Exp

    INT    偏移，并进入状态 54
    FLOAT  偏移，并进入状态 55
    ID     偏移，并进入状态 56
    MINUS  偏移，并进入状态 57
    NOT    偏移，并进入状态 58
    LP     偏移，并进入状态 59

    Exp  转到状态 108


状态 90

   48 Exp: Exp OR . Exp

    INT    偏移，并进入状态 54
    FLOAT  偏移，并进入状态 55
    ID     偏移，并进入状态 56
    MINUS  偏移，并进入状态 57
    NOT    偏移，并进入状态 58
    LP     偏移，并进入状态 59

    Exp  转到状态 109


状态 91

   60 Exp: Exp DOT . ID

    ID  偏移，并进入状态 110


状态 92

   59 Exp: Exp LB . Exp RB

    INT    偏移，并进入状态 54
    FLOAT  偏移，并进入状态 55
    ID     偏移，并进入状态 56
    MINUS  偏移，并进入状态 57
    NOT    偏移，并进入状态 58
    LP     偏移，并进入状态 59

    Exp  转到状态 111


状态 93

   45 Dec: VarDec ASSIGNOP Exp .
   46 Exp: Exp . ASSIGNOP Exp
   47    | Exp . AND Exp
   48    | Exp . OR Exp
   49    | Exp . RELOP Exp
   50    | Exp . PLUS Exp
   51    | Exp . MINUS Exp
   52    | Exp . STAR Exp
   53    | Exp . DIV Exp
   59    | Exp . LB Exp RB
   60    | Exp . DOT ID

    ASSIGNOP  偏移，并进入状态 83
    RELOP     偏移，并进入状态 84
    PLUS      偏移，并进入状态 85
    MINUS     偏移，并进入状态 86
    STAR      偏移，并进入状态 87
    DIV       偏移，并进入状态 88
    AND       偏移，并进入状态 89
    OR        偏移，并进入状态 90
    DOT       偏移，并进入状态 91
    LB        偏移，并进入状态 92

    $default  使用规则 45 以归约 (Dec)


状态 94

   43 DecList: Dec COMMA DecList .

    $default  使用规则 43 以归约 (DecList)


状态 95

   58 Exp: ID LP RP .

    $default  使用规则 58 以归约 (Exp)


状态 96

   46 Exp: Exp . ASSIGNOP Exp
   47    | Exp . AND Exp
   48    | Exp . OR Exp
   49    | Exp . RELOP Exp
   50    | Exp . PLUS Exp
   51    | Exp . MINUS Exp
   52    | Exp . STAR Exp
   53    | Exp . DIV Exp
   59    | Exp . LB Exp RB
   60    | Exp . DOT ID
   64 Args: Exp . COMMA Args
   65     | Exp .

    COMMA     偏移，并进入状态 112
    ASSIGNOP  偏移，并进入状态 83
    RELOP     偏移，并进入状态 84
    PLUS      偏移，并进入状态 85
    MINUS     偏移，并进入状态 86
    STAR      偏移，并进入状态 87
    DIV       偏移，并进入状态 88
    AND       偏移，并进入状态 89
    OR        偏移，并进入状态 90
    DOT       偏移，并进入状态 91
    LB        偏移，并进入状态 92

    $default  使用规则 65 以归约 (Args)


状态 97

   57 Exp: ID LP Args . RP

    RP  偏移，并进入状态 113


状态 98

   54 Exp: LP Exp RP .

    $default  使用规则 54 以归约 (Exp)


状态 99

   33 Stmt: RETURN Exp SEMI .

    $default  使用规则 33 以归约 (Stmt)


状态 100

   34 Stmt: IF LP Exp . RP Stmt
   35     | IF LP Exp . RP Stmt ELSE Stmt
   46 Exp: Exp . ASSIGNOP Exp
   47    | Exp . AND Exp
   48    | Exp . OR Exp
   49    | Exp . RELOP Exp
   50    | Exp . PLUS Exp
   51    | Exp . MINUS Exp
   52    | Exp . STAR Exp
   53    | Exp . DIV Exp
   59    | Exp . LB Exp RB
   60    | Exp . DOT ID

    ASSIGNOP  偏移，并进入状态 83
    RELOP     偏移，并进入状态 84
    PLUS      偏移，并进入状态 85
    MINUS     偏移，并进入状态 86
    STAR      偏移，并进入状态 87
    DIV       偏移，并进入状态 88
    AND       偏移，并进入状态 89
    OR        偏移，并进入状态 90
    DOT       偏移，并进入状态 91
    RP        偏移，并进入状态 114
    LB        偏移，并进入状态 92


状态 101

   36 Stmt: WHILE LP Exp . RP Stmt
   46 Exp: Exp . ASSIGNOP Exp
   47    | Exp . AND Exp
   48    | Exp . OR Exp
   49    | Exp . RELOP Exp
   50    | Exp . PLUS Exp
   51    | Exp . MINUS Exp
   52    | Exp . STAR Exp
   53    | Exp . DIV Exp
   59    | Exp . LB Exp RB
   60    | Exp . DOT ID

    ASSIGNOP  偏移，并进入状态 83
    RELOP     偏移，并进入状态 84
    PLUS      偏移，并进入状态 85
    MINUS     偏移，并进入状态 86
    STAR      偏移，并进入状态 87
    DIV       偏移，并进入状态 88
    AND       偏移，并进入状态 89
    OR        偏移，并进入状态 90
    DOT       偏移，并进入状态 91
    RP        偏移，并进入状态 115
    LB        偏移，并进入状态 92


状态 102

   46 Exp: Exp . ASSIGNOP Exp
   46    | Exp ASSIGNOP Exp .
   47    | Exp . AND Exp
   48    | Exp . OR Exp
   49    | Exp . RELOP Exp
   50    | Exp . PLUS Exp
   51    | Exp . MINUS Exp
   52    | Exp . STAR Exp
   53    | Exp . DIV Exp
   59    | Exp . LB Exp RB
   60    | Exp . DOT ID

    ASSIGNOP  偏移，并进入状态 83
    RELOP     偏移，并进入状态 84
    PLUS      偏移，并进入状态 85
    MINUS     偏移，并进入状态 86
    STAR      偏移，并进入状态 87
    DIV       偏移，并进入状态 88
    AND       偏移，并进入状态 89
    OR        偏移，并进入状态 90
    DOT       偏移，并进入状态 91
    LB        偏移，并进入状态 92

    $default  使用规则 46 以归约 (Exp)


状态 103

   46 Exp: Exp . ASSIGNOP Exp
   47    | Exp . AND Exp
   48    | Exp . OR Exp
   49    | Exp . RELOP Exp
   49    | Exp RELOP Exp .
   50    | Exp . PLUS Exp
   51    | Exp . MINUS Exp
   52    | Exp . STAR Exp
   53    | Exp . DIV Exp
   59    | Exp . LB Exp RB
   60    | Exp . DOT ID

    PLUS   偏移，并进入状态 85
    MINUS  偏移，并进入状态 86
    STAR   偏移，并进入状态 87
    DIV    偏移，并进入状态 88
    DOT    偏移，并进入状态 91
    LB     偏移，并进入状态 92

    $default  使用规则 49 以归约 (Exp)


状态 104

   46 Exp: Exp . ASSIGNOP Exp
   47    | Exp . AND Exp
   48    | Exp . OR Exp
   49    | Exp . RELOP Exp
   50    | Exp . PLUS Exp
   50    | Exp PLUS Exp .
   51    | Exp . MINUS Exp
   52    | Exp . STAR Exp
   53    | Exp . DIV Exp
   59    | Exp . LB Exp RB
   60    | Exp . DOT ID

    STAR  偏移，并进入状态 87
    DIV   偏移，并进入状态 88
    DOT   偏移，并进入状态 91
    LB    偏移，并进入状态 92

    $default  使用规则 50 以归约 (Exp)


状态 105

   46 Exp: Exp . ASSIGNOP Exp
   47    | Exp . AND Exp
   48    | Exp . OR Exp
   49    | Exp . RELOP Exp
   50    | Exp . PLUS Exp
   51    | Exp . MINUS Exp
   51    | Exp MINUS Exp .
   52    | Exp . STAR Exp
   53    | Exp . DIV Exp
   59    | Exp . LB Exp RB
   60    | Exp . DOT ID

    PLUS  偏移，并进入状态 85
    STAR  偏移，并进入状态 87
    DIV   偏移，并进入状态 88
    DOT   偏移，并进入状态 91
    LB    偏移，并进入状态 92

    $default  使用规则 51 以归约 (Exp)


状态 106

   46 Exp: Exp . ASSIGNOP Exp
   47    | Exp . AND Exp
   48    | Exp . OR Exp
   49    | Exp . RELOP Exp
   50    | Exp . PLUS Exp
   51    | Exp . MINUS Exp
   52    | Exp . STAR Exp
   52    | Exp STAR Exp .
   53    | Exp . DIV Exp
   59    | Exp . LB Exp RB
   60    | Exp . DOT ID

    DOT  偏移，并进入状态 91
    LB   偏移，并进入状态 92

    $default  使用规则 52 以归约 (Exp)


状态 107

   46 Exp: Exp . ASSIGNOP Exp
   47    | Exp . AND Exp
   48    | Exp . OR Exp
   49    | Exp . RELOP Exp
   50    | Exp . PLUS Exp
   51    | Exp . MINUS Exp
   52    | Exp . STAR Exp
   53    | Exp . DIV Exp
   53    | Exp DIV Exp .
   59    | Exp . LB Exp RB
   60    | Exp . DOT ID

    DOT  偏移，并进入状态 91
    LB   偏移，并进入状态 92

    $default  使用规则 53 以归约 (Exp)


状态 108

   46 Exp: Exp . ASSIGNOP Exp
   47    | Exp . AND Exp
   47    | Exp AND Exp .
   48    | Exp . OR Exp
   49    | Exp . RELOP Exp
   50    | Exp . PLUS Exp
   51    | Exp . MINUS Exp
   52    | Exp . STAR Exp
   53    | Exp . DIV Exp
   59    | Exp . LB Exp RB
   60    | Exp . DOT ID

    RELOP  偏移，并进入状态 84
    PLUS   偏移，并进入状态 85
    MINUS  偏移，并进入状态 86
    STAR   偏移，并进入状态 87
    DIV    偏移，并进入状态 88
    DOT    偏移，并进入状态 91
    LB     偏移，并进入状态 92

    $default  使用规则 47 以归约 (Exp)


状态 109

   46 Exp: Exp . ASSIGNOP Exp
   47    | Exp . AND Exp
   48    | Exp . OR Exp
   48    | Exp OR Exp .
   49    | Exp . RELOP Exp
   50    | Exp . PLUS Exp
   51    | Exp . MINUS Exp
   52    | Exp . STAR Exp
   53    | Exp . DIV Exp
   59    | Exp . LB Exp RB
   60    | Exp . DOT ID

    RELOP  偏移，并进入状态 84
    PLUS   偏移，并进入状态 85
    MINUS  偏移，并进入状态 86
    STAR   偏移，并进入状态 87
    DIV    偏移，并进入状态 88
    AND    偏移，并进入状态 89
    DOT    偏移，并进入状态 91
    LB     偏移，并进入状态 92

    $default  使用规则 48 以归约 (Exp)


状态 110

   60 Exp: Exp DOT ID .

    $default  使用规则 60 以归约 (Exp)


状态 111

   46 Exp: Exp . ASSIGNOP Exp
   47    | Exp . AND Exp
   48    | Exp . OR Exp
   49    | Exp . RELOP Exp
   50    | Exp . PLUS Exp
   51    | Exp . MINUS Exp
   52    | Exp . STAR Exp
   53    | Exp . DIV Exp
   59    | Exp . LB Exp RB
   59    | Exp LB Exp . RB
   60    | Exp . DOT ID

    ASSIGNOP  偏移，并进入状态 83
    RELOP     偏移，并进入状态 84
    PLUS      偏移，并进入状态 85
    MINUS     偏移，并进入状态 86
    STAR      偏移，并进入状态 87
    DIV       偏移，并进入状态 88
    AND       偏移，并进入状态 89
    OR        偏移，并进入状态 90
    DOT       偏移，并进入状态 91
    LB        偏移，并进入状态 92
    RB        偏移，并进入状态 116


状态 112

   64 Args: Exp COMMA . Args

    INT    偏移，并进入状态 54
    FLOAT  偏移，并进入状态 55
    ID     偏移，并进入状态 56
    MINUS  偏移，并进入状态 57
    NOT    偏移，并进入状态 58
    LP     偏移，并进入状态 59

    Exp   转到状态 96
    Args  转到状态 117


状态 113

   57 Exp: ID LP Args RP .

    $default  使用规则 57 以归约 (Exp)


状态 114

   34 Stmt: IF LP Exp RP . Stmt
   35     | IF LP Exp RP . Stmt ELSE Stmt

    error   偏移，并进入状态 53
    INT     偏移，并进入状态 54
    FLOAT   偏移，并进入状态 55
    ID      偏移，并进入状态 56
    MINUS   偏移，并进入状态 57
    NOT     偏移，并进入状态 58
    LP      偏移，并进入状态 59
    LC      偏移，并进入状态 28
    RETURN  偏移，并进入状态 60
    IF      偏移，并进入状态 61
    WHILE   偏移，并进入状态 62

    CompSt  转到状态 63
    Stmt    转到状态 118
    Exp     转到状态 66


状态 115

   36 Stmt: WHILE LP Exp RP . Stmt

    error   偏移，并进入状态 53
    INT     偏移，并进入状态 54
    FLOAT   偏移，并进入状态 55
    ID      偏移，并进入状态 56
    MINUS   偏移，并进入状态 57
    NOT     偏移，并进入状态 58
    LP      偏移，并进入状态 59
    LC      偏移，并进入状态 28
    RETURN  偏移，并进入状态 60
    IF      偏移，并进入状态 61
    WHILE   偏移，并进入状态 62

    CompSt  转到状态 63
    Stmt    转到状态 119
    Exp     转到状态 66


状态 116

   59 Exp: Exp LB Exp RB .

    $default  使用规则 59 以归约 (Exp)


状态 117

   64 Args: Exp COMMA Args .

    $default  使用规则 64 以归约 (Args)


状态 118

   34 Stmt: IF LP Exp RP Stmt .
   35     | IF LP Exp RP Stmt . ELSE Stmt

    ELSE  偏移，并进入状态 120

    $default  使用规则 34 以归约 (Stmt)


状态 119

   36 Stmt: WHILE LP Exp RP Stmt .

    $default  使用规则 36 以归约 (Stmt)


状态 120

   35 Stmt: IF LP Exp RP Stmt ELSE . Stmt

    error   偏移，并进入状态 53
    INT     偏移，并进入状态 54
    FLOAT   偏移，并进入状态 55
    ID      偏移，并进入状态 56
    MINUS   偏移，并进入状态 57
    NOT     偏移，并进入状态 58
    LP      偏移，并进入状态 59
    LC      偏移，并进入状态 28
    RETURN  偏移，并进入状态 60
    IF      偏移，并进入状态 61
    WHILE   偏移，并进入状态 62

    CompSt  转到状态 63
    Stmt    转到状态 121
    Exp     转到状态 66


状态 121

   35 Stmt: IF LP Exp RP Stmt ELSE Stmt .

    $default  使用规则 35 以归约 (Stmt)
